<?xml version="1.0" encoding="UTF-8"?>
<!-- Generated by org.testng.reporters.JUnitReportReporter -->
<testsuite hostname="kirubavathi" failures="0" tests="2" name="com.demowebshop.runner.TestRunnerUserRegisterLogin" time="4.324" errors="0" timestamp="2025-03-18T13:16:10 IST" skipped="0">
  <testcase classname="com.demowebshop.runner.TestRunnerUserRegisterLogin" name="runScenario" time="2.628"/>
  <testcase classname="com.demowebshop.runner.TestRunnerUserRegisterLogin" name="runScenario" time="1.696"/>
</testsuite> <!-- com.demowebshop.runner.TestRunnerUserRegisterLogin -->
