<?xml version="1.0" encoding="UTF-8"?>
<!-- Generated by org.testng.reporters.JUnitReportReporter -->
<testsuite hostname="kirubavathi" failures="0" tests="1" name="com.demowebshop.runner.TestRunnerShoppingCart" time="10.982" errors="0" timestamp="2025-03-19T12:42:27 IST" skipped="0">
  <testcase classname="com.demowebshop.runner.TestRunnerShoppingCart" name="runScenario" time="10.982"/>
</testsuite> <!-- com.demowebshop.runner.TestRunnerShoppingCart -->
