<?xml version="1.0" encoding="UTF-8"?>
<!-- Generated by org.testng.reporters.JUnitReportReporter -->
<testsuite hostname="kirubavathi" failures="0" tests="2" name="com.demowebshop.runner.TestRunner" time="3.813" errors="0" timestamp="2025-03-18T04:29:35 IST" skipped="0">
  <testcase classname="com.demowebshop.runner.TestRunner" name="runScenario" time="2.291"/>
  <testcase classname="com.demowebshop.runner.TestRunner" name="runScenario" time="1.522"/>
</testsuite> <!-- com.demowebshop.runner.TestRunner -->
