<?xml version="1.0" encoding="UTF-8"?>
<!-- Generated by org.testng.reporters.JUnitReportReporter -->
<testsuite hostname="kirubavathi" failures="0" tests="15" name="com.demowebshop.runner.DemowebshopRunnerTestCase" time="54.527" errors="0" timestamp="2025-03-22T14:42:22 IST" skipped="0">
  <testcase classname="com.demowebshop.runner.DemowebshopRunnerTestCase" name="runScenario" time="1.573"/>
  <testcase classname="com.demowebshop.runner.DemowebshopRunnerTestCase" name="runScenario" time="2.588"/>
  <testcase classname="com.demowebshop.runner.DemowebshopRunnerTestCase" name="runScenario" time="1.829"/>
  <testcase classname="com.demowebshop.runner.DemowebshopRunnerTestCase" name="runScenario" time="5.798"/>
  <testcase classname="com.demowebshop.runner.DemowebshopRunnerTestCase" name="runScenario" time="1.461"/>
  <testcase classname="com.demowebshop.runner.DemowebshopRunnerTestCase" name="runScenario" time="10.935"/>
  <testcase classname="com.demowebshop.runner.DemowebshopRunnerTestCase" name="runScenario" time="5.393"/>
  <testcase classname="com.demowebshop.runner.DemowebshopRunnerTestCase" name="runScenario" time="3.995"/>
  <testcase classname="com.demowebshop.runner.DemowebshopRunnerTestCase" name="runScenario" time="2.388"/>
  <testcase classname="com.demowebshop.runner.DemowebshopRunnerTestCase" name="runScenario" time="6.330"/>
  <testcase classname="com.demowebshop.runner.DemowebshopRunnerTestCase" name="runScenario" time="2.463"/>
  <testcase classname="com.demowebshop.runner.DemowebshopRunnerTestCase" name="runScenario" time="1.683"/>
  <testcase classname="com.demowebshop.runner.DemowebshopRunnerTestCase" name="runScenario" time="1.759"/>
  <testcase classname="com.demowebshop.runner.DemowebshopRunnerTestCase" name="runScenario" time="0.155"/>
  <testcase classname="com.demowebshop.runner.DemowebshopRunnerTestCase" name="runScenario" time="6.177"/>
</testsuite> <!-- com.demowebshop.runner.DemowebshopRunnerTestCase -->
