<?xml version="1.0" encoding="UTF-8"?>
<!-- Generated by org.testng.reporters.JUnitReportReporter -->
<testsuite hostname="kirubavathi" failures="0" tests="14" name="com.demowebshop.runner.DemowebshopRunnerTestCase" time="46.610" errors="0" timestamp="2025-03-21T23:23:57 IST" skipped="0">
  <testcase classname="com.demowebshop.runner.DemowebshopRunnerTestCase" name="runScenario" time="1.860"/>
  <testcase classname="com.demowebshop.runner.DemowebshopRunnerTestCase" name="runScenario" time="2.352"/>
  <testcase classname="com.demowebshop.runner.DemowebshopRunnerTestCase" name="runScenario" time="1.291"/>
  <testcase classname="com.demowebshop.runner.DemowebshopRunnerTestCase" name="runScenario" time="2.008"/>
  <testcase classname="com.demowebshop.runner.DemowebshopRunnerTestCase" name="runScenario" time="0.209"/>
  <testcase classname="com.demowebshop.runner.DemowebshopRunnerTestCase" name="runScenario" time="1.505"/>
  <testcase classname="com.demowebshop.runner.DemowebshopRunnerTestCase" name="runScenario" time="10.827"/>
  <testcase classname="com.demowebshop.runner.DemowebshopRunnerTestCase" name="runScenario" time="5.402"/>
  <testcase classname="com.demowebshop.runner.DemowebshopRunnerTestCase" name="runScenario" time="1.953"/>
  <testcase classname="com.demowebshop.runner.DemowebshopRunnerTestCase" name="runScenario" time="2.474"/>
  <testcase classname="com.demowebshop.runner.DemowebshopRunnerTestCase" name="runScenario" time="4.698"/>
  <testcase classname="com.demowebshop.runner.DemowebshopRunnerTestCase" name="runScenario" time="5.652"/>
  <testcase classname="com.demowebshop.runner.DemowebshopRunnerTestCase" name="runScenario" time="2.304"/>
  <testcase classname="com.demowebshop.runner.DemowebshopRunnerTestCase" name="runScenario" time="4.075"/>
</testsuite> <!-- com.demowebshop.runner.DemowebshopRunnerTestCase -->
